<?xml version="1.0" encoding="UTF-8"?>
<!-- Generated by org.testng.reporters.JUnitXMLReporter -->
<testsuite ignored="5" hostname="ImransDell" failures="0" tests="5" name="AdminTest" time="161.384" errors="0" timestamp="2023-07-14T10:13:18 IST">
  <testcase classname="com.pickdropfleet.admin.test.Admintest" name="adminLogin" time="16.697"/>
  <testcase classname="com.pickdropfleet.admin.test.Admintest" name="createKitchenByAdmin" time="47.263"/>
  <testcase classname="com.pickdropfleet.admin.test.Admintest" name="createUserByAdmin" time="67.68"/>
  <testcase classname="com.pickdropfleet.admin.test.Admintest" name="adminLogout" time="2.154"/>
  <testcase classname="com.pickdropfleet.admin.test.Admintest" name="testImport" time="20.104"/>
  <testcase classname="com.pickdropfleet.admin.test.Admintest" name="testMenuView" time="0.0">
    <ignored/>
  </testcase> <!-- testMenuView -->
  <testcase classname="com.pickdropfleet.admin.test.Admintest" name="testVehicleView" time="0.0">
    <ignored/>
  </testcase> <!-- testVehicleView -->
  <testcase classname="com.pickdropfleet.admin.test.Admintest" name="testRouteView" time="0.0">
    <ignored/>
  </testcase> <!-- testRouteView -->
  <testcase classname="com.pickdropfleet.admin.test.Admintest" name="testSchoolView" time="0.0">
    <ignored/>
  </testcase> <!-- testSchoolView -->
  <testcase classname="com.pickdropfleet.admin.test.Admintest" name="testViewUser" time="0.0">
    <ignored/>
  </testcase> <!-- testViewUser -->
</testsuite> <!-- AdminTest -->
