<?xml version="1.0" encoding="UTF-8"?>
<!-- Generated by org.testng.reporters.JUnitXMLReporter -->
<testsuite ignored="0" hostname="ImransDell" failures="0" tests="4" name="MyTest01" time="55.511" errors="0" timestamp="2023-05-14T22:14:42 IST">
  <testcase classname="com.pickdropfleet.admin.test.Admintest" name="adminLogin" time="5.529"/>
  <testcase classname="com.pickdropfleet.admin.test.Admintest" name="createKitchenByAdmin" time="22.863"/>
  <testcase classname="com.pickdropfleet.admin.test.Admintest" name="createUserByAdmin" time="13.571"/>
  <testcase classname="com.pickdropfleet.admin.test.Admintest" name="adminLogout" time="1.461"/>
</testsuite> <!-- MyTest01 -->
