<?xml version="1.0" encoding="UTF-8"?>
<!-- Generated by org.testng.reporters.JUnitXMLReporter -->
<testsuite ignored="13" hostname="ImransDell" failures="0" tests="2" name="KitchdenAdminTest" time="20.47" errors="0" timestamp="2023-06-14T17:18:33 IST">
  <testcase classname="com.pickdropfleet.admin.test.Kitchenadmintest" name="kitchenAdminLogin" time="2.806"/>
  <testcase classname="com.pickdropfleet.admin.test.Kitchenadmintest" name="testFoodMenu" time="10.917"/>
  <testcase classname="com.pickdropfleet.admin.test.Kitchenadmintest" name="kitchenAdminLogout" time="0.0">
    <ignored/>
  </testcase> <!-- kitchenAdminLogout -->
  <testcase classname="com.pickdropfleet.admin.test.Kitchenadmintest" name="addRiderAtUser" time="0.0">
    <ignored/>
  </testcase> <!-- addRiderAtUser -->
  <testcase classname="com.pickdropfleet.admin.test.Kitchenadmintest" name="testDailyRequest" time="0.0">
    <ignored/>
  </testcase> <!-- testDailyRequest -->
  <testcase classname="com.pickdropfleet.admin.test.Kitchenadmintest" name="testAddRoute" time="0.0">
    <ignored/>
  </testcase> <!-- testAddRoute -->
  <testcase classname="com.pickdropfleet.admin.test.Kitchenadmintest" name="testAddVehicleExpense" time="0.0">
    <ignored/>
  </testcase> <!-- testAddVehicleExpense -->
  <testcase classname="com.pickdropfleet.admin.test.Kitchenadmintest" name="addVehicleTest" time="0.0">
    <ignored/>
  </testcase> <!-- addVehicleTest -->
  <testcase classname="com.pickdropfleet.admin.test.Kitchenadmintest" name="addRouteAdminAtUser" time="0.0">
    <ignored/>
  </testcase> <!-- addRouteAdminAtUser -->
  <testcase classname="com.pickdropfleet.admin.test.Kitchenadmintest" name="addSchoolTest" time="0.0">
    <ignored/>
  </testcase> <!-- addSchoolTest -->
  <testcase classname="com.pickdropfleet.admin.test.Kitchenadmintest" name="addSchoolAdminAtUser" time="0.0">
    <ignored/>
  </testcase> <!-- addSchoolAdminAtUser -->
  <testcase classname="com.pickdropfleet.admin.test.Kitchenadmintest" name="addSchoolRelationshipManagerAtUser" time="0.0">
    <ignored/>
  </testcase> <!-- addSchoolRelationshipManagerAtUser -->
  <testcase classname="com.pickdropfleet.admin.test.Kitchenadmintest" name="testImportPage" time="0.0">
    <ignored/>
  </testcase> <!-- testImportPage -->
  <testcase classname="com.pickdropfleet.admin.test.Kitchenadmintest" name="addDistributionManagerAtUser" time="0.0">
    <ignored/>
  </testcase> <!-- addDistributionManagerAtUser -->
  <testcase classname="com.pickdropfleet.admin.test.Kitchenadmintest" name="addFuelSupervisorAtUser" time="0.0">
    <ignored/>
  </testcase> <!-- addFuelSupervisorAtUser -->
</testsuite> <!-- KitchdenAdminTest -->
