<?xml version="1.0" encoding="UTF-8"?>
<!-- Generated by org.testng.reporters.JUnitXMLReporter -->
<testsuite ignored="0" hostname="ImransDell" failures="0" tests="4" name="MyTest01" time="43.74" errors="0" timestamp="2023-05-14T17:49:10 IST">
  <testcase classname="com.pickdropfleet.admin.test.Admintest" name="adminLogin" time="3.018"/>
  <testcase classname="com.pickdropfleet.admin.test.Admintest" name="createKitchenByAdmin" time="17.383"/>
  <testcase classname="com.pickdropfleet.admin.test.Admintest" name="createUserByAdmin" time="11.872"/>
  <testcase classname="com.pickdropfleet.admin.test.Admintest" name="adminLogout" time="1.463"/>
</testsuite> <!-- MyTest01 -->
