<?xml version="1.0" encoding="UTF-8"?>
<!-- Generated by org.testng.reporters.JUnitXMLReporter -->
<testsuite ignored="0" hostname="ImransDell" failures="0" tests="5" name="Test" time="44.766" errors="0" timestamp="2023-05-14T17:37:26 IST">
  <testcase classname="com.pickdropfleet.admin.test.Admintest" name="adminLogin" time="2.714"/>
  <testcase classname="com.pickdropfleet.admin.test.Admintest" name="createKitchenByAdmin" time="17.476"/>
  <testcase classname="com.pickdropfleet.admin.test.Admintest" name="createUserByAdmin" time="12.013"/>
  <testcase classname="com.pickdropfleet.admin.test.Admintest" name="adminLogout" time="1.365"/>
  <testcase classname="com.pickdropfleet.admin.test.Kitchenadmintest" name="kitchenAdminLogin" time="0.002"/>
</testsuite> <!-- Test -->
