<?xml version="1.0" encoding="UTF-8"?>
<testsuite name="AdminTest"
           tests="3"
           failures="3"
           errors="0"
           skipped="0"
           time="0.564">
    <properties></properties>

            <testcase
                name="createUserByAdmin"
                time="0.020"
                classname="com.pickdropfleet.admin.test.Admintest">

            <failure type="java.lang.NoClassDefFoundError" message="Could not initialize class org.apache.poi.xssf.usermodel.XSSFWorkbook">
                <![CDATA[java.lang.NoClassDefFoundError: Could not initialize class org.apache.poi.xssf.usermodel.XSSFWorkbook
                com.pickdropfleet.admin.test.Admintest.createUserByAdmin(Admintest.java:255)java.base/jdk.internal.reflect.NativeMethodAccessorImpl.invoke0(Native Method)java.base/jdk.internal.reflect.NativeMethodAccessorImpl.invoke(NativeMethodAccessorImpl.java:78)java.base/jdk.internal.reflect.DelegatingMethodAccessorImpl.invoke(DelegatingMethodAccessorImpl.java:43)java.base/java.lang.reflect.Method.invoke(Method.java:567)org.testng.internal.invokers.MethodInvocationHelper.invokeMethod(MethodInvocationHelper.java:139)org.testng.internal.invokers.TestInvoker.invokeMethod(TestInvoker.java:677)org.testng.internal.invokers.TestInvoker.invokeTestMethod(TestInvoker.java:221)org.testng.internal.invokers.MethodRunner.runInSequence(MethodRunner.java:50)org.testng.internal.invokers.TestInvoker$MethodInvocationAgent.invoke(TestInvoker.java:969)org.testng.internal.invokers.TestInvoker.invokeTestMethods(TestInvoker.java:194)org.testng.internal.invokers.TestMethodWorker.invokeTestMethods(TestMethodWorker.java:148)org.testng.internal.invokers.TestMethodWorker.run(TestMethodWorker.java:128)java.base/java.util.ArrayList.forEach(ArrayList.java:1511)org.testng.TestRunner.privateRun(TestRunner.java:829)org.testng.TestRunner.run(TestRunner.java:602)org.testng.SuiteRunner.runTest(SuiteRunner.java:437)org.testng.SuiteRunner.runSequentially(SuiteRunner.java:431)org.testng.SuiteRunner.privateRun(SuiteRunner.java:391)org.testng.SuiteRunner.run(SuiteRunner.java:330)org.testng.SuiteRunnerWorker.runSuite(SuiteRunnerWorker.java:52)org.testng.SuiteRunnerWorker.run(SuiteRunnerWorker.java:95)org.testng.TestNG.runSuitesSequentially(TestNG.java:1256)org.testng.TestNG.runSuitesLocally(TestNG.java:1176)org.testng.TestNG.runSuites(TestNG.java:1099)org.testng.TestNG.run(TestNG.java:1067)org.testng.remote.AbstractRemoteTestNG.run(AbstractRemoteTestNG.java:115)org.testng.remote.RemoteTestNG.initAndRun(RemoteTestNG.java:251)org.testng.remote.RemoteTestNG.main(RemoteTestNG.java:77)
]]>
            </failure>
    </testcase>
            <testcase
                name="adminLogin"
                time="0.455"
                classname="com.pickdropfleet.admin.test.Admintest">

            <failure type="java.lang.NoClassDefFoundError" message="org/apache/poi/util/POILogFactory">
                <![CDATA[java.lang.NoClassDefFoundError: org/apache/poi/util/POILogFactory
                org.apache.poi.POIXMLDocumentPart.<clinit>(POIXMLDocumentPart.java:55)com.pickdropfleet.admin.test.Admintest.adminLogin(Admintest.java:121)java.base/jdk.internal.reflect.NativeMethodAccessorImpl.invoke0(Native Method)java.base/jdk.internal.reflect.NativeMethodAccessorImpl.invoke(NativeMethodAccessorImpl.java:78)java.base/jdk.internal.reflect.DelegatingMethodAccessorImpl.invoke(DelegatingMethodAccessorImpl.java:43)java.base/java.lang.reflect.Method.invoke(Method.java:567)org.testng.internal.invokers.MethodInvocationHelper.invokeMethod(MethodInvocationHelper.java:139)org.testng.internal.invokers.TestInvoker.invokeMethod(TestInvoker.java:677)org.testng.internal.invokers.TestInvoker.invokeTestMethod(TestInvoker.java:221)org.testng.internal.invokers.MethodRunner.runInSequence(MethodRunner.java:50)org.testng.internal.invokers.TestInvoker$MethodInvocationAgent.invoke(TestInvoker.java:969)org.testng.internal.invokers.TestInvoker.invokeTestMethods(TestInvoker.java:194)org.testng.internal.invokers.TestMethodWorker.invokeTestMethods(TestMethodWorker.java:148)org.testng.internal.invokers.TestMethodWorker.run(TestMethodWorker.java:128)java.base/java.util.ArrayList.forEach(ArrayList.java:1511)org.testng.TestRunner.privateRun(TestRunner.java:829)org.testng.TestRunner.run(TestRunner.java:602)org.testng.SuiteRunner.runTest(SuiteRunner.java:437)org.testng.SuiteRunner.runSequentially(SuiteRunner.java:431)org.testng.SuiteRunner.privateRun(SuiteRunner.java:391)org.testng.SuiteRunner.run(SuiteRunner.java:330)org.testng.SuiteRunnerWorker.runSuite(SuiteRunnerWorker.java:52)org.testng.SuiteRunnerWorker.run(SuiteRunnerWorker.java:95)org.testng.TestNG.runSuitesSequentially(TestNG.java:1256)org.testng.TestNG.runSuitesLocally(TestNG.java:1176)org.testng.TestNG.runSuites(TestNG.java:1099)org.testng.TestNG.run(TestNG.java:1067)org.testng.remote.AbstractRemoteTestNG.run(AbstractRemoteTestNG.java:115)org.testng.remote.RemoteTestNG.initAndRun(RemoteTestNG.java:251)org.testng.remote.RemoteTestNG.main(RemoteTestNG.java:77)
                    Caused by: java.lang.ClassNotFoundException: org.apache.poi.util.POILogFactory
                    java.base/jdk.internal.loader.BuiltinClassLoader.loadClass(BuiltinClassLoader.java:636)java.base/jdk.internal.loader.ClassLoaders$AppClassLoader.loadClass(ClassLoaders.java:182)java.base/java.lang.ClassLoader.loadClass(ClassLoader.java:519)org.apache.poi.POIXMLDocumentPart.<clinit>(POIXMLDocumentPart.java:55)com.pickdropfleet.admin.test.Admintest.adminLogin(Admintest.java:121)java.base/jdk.internal.reflect.NativeMethodAccessorImpl.invoke0(Native Method)java.base/jdk.internal.reflect.NativeMethodAccessorImpl.invoke(NativeMethodAccessorImpl.java:78)java.base/jdk.internal.reflect.DelegatingMethodAccessorImpl.invoke(DelegatingMethodAccessorImpl.java:43)java.base/java.lang.reflect.Method.invoke(Method.java:567)org.testng.internal.invokers.MethodInvocationHelper.invokeMethod(MethodInvocationHelper.java:139)org.testng.internal.invokers.TestInvoker.invokeMethod(TestInvoker.java:677)org.testng.internal.invokers.TestInvoker.invokeTestMethod(TestInvoker.java:221)org.testng.internal.invokers.MethodRunner.runInSequence(MethodRunner.java:50)org.testng.internal.invokers.TestInvoker$MethodInvocationAgent.invoke(TestInvoker.java:969)org.testng.internal.invokers.TestInvoker.invokeTestMethods(TestInvoker.java:194)org.testng.internal.invokers.TestMethodWorker.invokeTestMethods(TestMethodWorker.java:148)org.testng.internal.invokers.TestMethodWorker.run(TestMethodWorker.java:128)java.base/java.util.ArrayList.forEach(ArrayList.java:1511)org.testng.TestRunner.privateRun(TestRunner.java:829)org.testng.TestRunner.run(TestRunner.java:602)org.testng.SuiteRunner.runTest(SuiteRunner.java:437)org.testng.SuiteRunner.runSequentially(SuiteRunner.java:431)org.testng.SuiteRunner.privateRun(SuiteRunner.java:391)org.testng.SuiteRunner.run(SuiteRunner.java:330)org.testng.SuiteRunnerWorker.runSuite(SuiteRunnerWorker.java:52)org.testng.SuiteRunnerWorker.run(SuiteRunnerWorker.java:95)org.testng.TestNG.runSuitesSequentially(TestNG.java:1256)org.testng.TestNG.runSuitesLocally(TestNG.java:1176)org.testng.TestNG.runSuites(TestNG.java:1099)org.testng.TestNG.run(TestNG.java:1067)org.testng.remote.AbstractRemoteTestNG.run(AbstractRemoteTestNG.java:115)org.testng.remote.RemoteTestNG.initAndRun(RemoteTestNG.java:251)org.testng.remote.RemoteTestNG.main(RemoteTestNG.java:77)
                ]]>
            </failure>
    </testcase>
            <testcase
                name="adminLogout"
                time="0.089"
                classname="com.pickdropfleet.admin.test.Admintest">

            <failure type="org.openqa.selenium.json.JsonException" message="java.lang.reflect.InvocationTargetException
Build info: version: &apos;4.8.1&apos;, revision: &apos;8ebccac989&apos;
System info: os.name: &apos;Windows 10&apos;, os.arch: &apos;amd64&apos;, os.version: &apos;10.0&apos;, java.version: &apos;16.0.2&apos;
Driver info: org.openqa.selenium.chrome.ChromeDriver
Command: [ae22db289a1b3aa54ecfd8c2cb556ee6, actions {actions=[org.openqa.selenium.interactions.Sequence@4e93dcb9]}]
Capabilities {acceptInsecureCerts: false, browserName: chrome, browserVersion: 114.0.5735.134, chrome: {chromedriverVersion: 114.0.5735.90 (386bc09e8f4f..., userDataDir: C:\Users\DELL\AppData\Local...}, goog:chromeOptions: {debuggerAddress: localhost:49576}, networkConnectionEnabled: false, pageLoadStrategy: normal, platformName: WINDOWS, proxy: Proxy(), se:cdp: ws://localhost:49576/devtoo..., se:cdpVersion: 114.0.5735.134, setWindowRect: true, strictFileInteractability: false, timeouts: {implicit: 0, pageLoad: 300000, script: 30000}, unhandledPromptBehavior: dismiss and notify, webauthn:extension:credBlob: true, webauthn:extension:largeBlob: true, webauthn:extension:minPinLength: true, webauthn:extension:prf: true, webauthn:virtualAuthenticators: true}
Session ID: ae22db289a1b3aa54ecfd8c2cb556ee6">
                <![CDATA[org.openqa.selenium.json.JsonException: java.lang.reflect.InvocationTargetException
Build info: version: '4.8.1', revision: '8ebccac989'
System info: os.name: 'Windows 10', os.arch: 'amd64', os.version: '10.0', java.version: '16.0.2'
Driver info: org.openqa.selenium.chrome.ChromeDriver
Command: [ae22db289a1b3aa54ecfd8c2cb556ee6, actions {actions=[org.openqa.selenium.interactions.Sequence@4e93dcb9]}]
Capabilities {acceptInsecureCerts: false, browserName: chrome, browserVersion: 114.0.5735.134, chrome: {chromedriverVersion: 114.0.5735.90 (386bc09e8f4f..., userDataDir: C:\Users\DELL\AppData\Local...}, goog:chromeOptions: {debuggerAddress: localhost:49576}, networkConnectionEnabled: false, pageLoadStrategy: normal, platformName: WINDOWS, proxy: Proxy(), se:cdp: ws://localhost:49576/devtoo..., se:cdpVersion: 114.0.5735.134, setWindowRect: true, strictFileInteractability: false, timeouts: {implicit: 0, pageLoad: 300000, script: 30000}, unhandledPromptBehavior: dismiss and notify, webauthn:extension:credBlob: true, webauthn:extension:largeBlob: true, webauthn:extension:minPinLength: true, webauthn:extension:prf: true, webauthn:virtualAuthenticators: true}
Session ID: ae22db289a1b3aa54ecfd8c2cb556ee6
                org.openqa.selenium.json.JsonOutput.convertUsingMethod(JsonOutput.java:362)org.openqa.selenium.json.JsonOutput.lambda$new$16(JsonOutput.java:154)org.openqa.selenium.json.JsonOutput.write(JsonOutput.java:287)org.openqa.selenium.json.JsonOutput.lambda$new$22(JsonOutput.java:169)java.base/java.util.stream.ForEachOps$ForEachOp$OfRef.accept(ForEachOps.java:183)java.base/java.util.stream.ReferencePipeline$2$1.accept(ReferencePipeline.java:179)java.base/java.util.Iterator.forEachRemaining(Iterator.java:133)java.base/java.util.Spliterators$IteratorSpliterator.forEachRemaining(Spliterators.java:1801)java.base/java.util.stream.AbstractPipeline.copyInto(AbstractPipeline.java:484)java.base/java.util.stream.AbstractPipeline.wrapAndCopyInto(AbstractPipeline.java:474)java.base/java.util.stream.ForEachOps$ForEachOp.evaluateSequential(ForEachOps.java:150)java.base/java.util.stream.ForEachOps$ForEachOp$OfRef.evaluateSequential(ForEachOps.java:173)java.base/java.util.stream.AbstractPipeline.evaluate(AbstractPipeline.java:234)java.base/java.util.stream.ReferencePipeline.forEach(ReferencePipeline.java:596)org.openqa.selenium.json.JsonOutput.lambda$new$23(JsonOutput.java:169)org.openqa.selenium.json.JsonOutput.write(JsonOutput.java:287)org.openqa.selenium.json.JsonOutput.lambda$new$24(JsonOutput.java:182)com.google.common.collect.SingletonImmutableBiMap.forEach(SingletonImmutableBiMap.java:68)org.openqa.selenium.json.JsonOutput.lambda$new$25(JsonOutput.java:177)org.openqa.selenium.json.JsonOutput.write(JsonOutput.java:287)org.openqa.selenium.json.JsonOutput.write(JsonOutput.java:278)org.openqa.selenium.json.Json.toJson(Json.java:42)org.openqa.selenium.remote.codec.AbstractHttpCommandCodec.encode(AbstractHttpCommandCodec.java:259)org.openqa.selenium.remote.codec.AbstractHttpCommandCodec.encode(AbstractHttpCommandCodec.java:122)org.openqa.selenium.remote.HttpCommandExecutor.execute(HttpCommandExecutor.java:172)org.openqa.selenium.remote.service.DriverCommandExecutor.invokeExecute(DriverCommandExecutor.java:167)org.openqa.selenium.remote.service.DriverCommandExecutor.execute(DriverCommandExecutor.java:142)org.openqa.selenium.remote.RemoteWebDriver.execute(RemoteWebDriver.java:543)org.openqa.selenium.remote.RemoteWebDriver.perform(RemoteWebDriver.java:611)org.openqa.selenium.interactions.Actions$BuiltAction.perform(Actions.java:567)com.pickdropfleet.adminpages.Logoutpage.clickUserInfo(Logoutpage.java:31)com.pickdropfleet.admin.test.Admintest.adminLogout(Admintest.java:425)java.base/jdk.internal.reflect.NativeMethodAccessorImpl.invoke0(Native Method)java.base/jdk.internal.reflect.NativeMethodAccessorImpl.invoke(NativeMethodAccessorImpl.java:78)java.base/jdk.internal.reflect.DelegatingMethodAccessorImpl.invoke(DelegatingMethodAccessorImpl.java:43)java.base/java.lang.reflect.Method.invoke(Method.java:567)org.testng.internal.invokers.MethodInvocationHelper.invokeMethod(MethodInvocationHelper.java:139)org.testng.internal.invokers.TestInvoker.invokeMethod(TestInvoker.java:677)org.testng.internal.invokers.TestInvoker.invokeTestMethod(TestInvoker.java:221)org.testng.internal.invokers.MethodRunner.runInSequence(MethodRunner.java:50)org.testng.internal.invokers.TestInvoker$MethodInvocationAgent.invoke(TestInvoker.java:969)org.testng.internal.invokers.TestInvoker.invokeTestMethods(TestInvoker.java:194)org.testng.internal.invokers.TestMethodWorker.invokeTestMethods(TestMethodWorker.java:148)org.testng.internal.invokers.TestMethodWorker.run(TestMethodWorker.java:128)java.base/java.util.ArrayList.forEach(ArrayList.java:1511)org.testng.TestRunner.privateRun(TestRunner.java:829)org.testng.TestRunner.run(TestRunner.java:602)org.testng.SuiteRunner.runTest(SuiteRunner.java:437)org.testng.SuiteRunner.runSequentially(SuiteRunner.java:431)org.testng.SuiteRunner.privateRun(SuiteRunner.java:391)org.testng.SuiteRunner.run(SuiteRunner.java:330)org.testng.SuiteRunnerWorker.runSuite(SuiteRunnerWorker.java:52)org.testng.SuiteRunnerWorker.run(SuiteRunnerWorker.java:95)org.testng.TestNG.runSuitesSequentially(TestNG.java:1256)org.testng.TestNG.runSuitesLocally(TestNG.java:1176)org.testng.TestNG.runSuites(TestNG.java:1099)org.testng.TestNG.run(TestNG.java:1067)org.testng.remote.AbstractRemoteTestNG.run(AbstractRemoteTestNG.java:115)org.testng.remote.RemoteTestNG.initAndRun(RemoteTestNG.java:251)org.testng.remote.RemoteTestNG.main(RemoteTestNG.java:77)
                    Caused by: java.lang.reflect.InvocationTargetException
                    java.base/jdk.internal.reflect.NativeMethodAccessorImpl.invoke0(Native Method)java.base/jdk.internal.reflect.NativeMethodAccessorImpl.invoke(NativeMethodAccessorImpl.java:78)java.base/jdk.internal.reflect.DelegatingMethodAccessorImpl.invoke(DelegatingMethodAccessorImpl.java:43)java.base/java.lang.reflect.Method.invoke(Method.java:567)org.openqa.selenium.json.JsonOutput.convertUsingMethod(JsonOutput.java:358)org.openqa.selenium.json.JsonOutput.lambda$new$16(JsonOutput.java:154)org.openqa.selenium.json.JsonOutput.write(JsonOutput.java:287)org.openqa.selenium.json.JsonOutput.lambda$new$22(JsonOutput.java:169)java.base/java.util.stream.ForEachOps$ForEachOp$OfRef.accept(ForEachOps.java:183)java.base/java.util.stream.ReferencePipeline$2$1.accept(ReferencePipeline.java:179)java.base/java.util.Iterator.forEachRemaining(Iterator.java:133)java.base/java.util.Spliterators$IteratorSpliterator.forEachRemaining(Spliterators.java:1801)java.base/java.util.stream.AbstractPipeline.copyInto(AbstractPipeline.java:484)java.base/java.util.stream.AbstractPipeline.wrapAndCopyInto(AbstractPipeline.java:474)java.base/java.util.stream.ForEachOps$ForEachOp.evaluateSequential(ForEachOps.java:150)java.base/java.util.stream.ForEachOps$ForEachOp$OfRef.evaluateSequential(ForEachOps.java:173)java.base/java.util.stream.AbstractPipeline.evaluate(AbstractPipeline.java:234)java.base/java.util.stream.ReferencePipeline.forEach(ReferencePipeline.java:596)org.openqa.selenium.json.JsonOutput.lambda$new$23(JsonOutput.java:169)org.openqa.selenium.json.JsonOutput.write(JsonOutput.java:287)org.openqa.selenium.json.JsonOutput.lambda$new$24(JsonOutput.java:182)com.google.common.collect.SingletonImmutableBiMap.forEach(SingletonImmutableBiMap.java:68)org.openqa.selenium.json.JsonOutput.lambda$new$25(JsonOutput.java:177)org.openqa.selenium.json.JsonOutput.write(JsonOutput.java:287)org.openqa.selenium.json.JsonOutput.write(JsonOutput.java:278)org.openqa.selenium.json.Json.toJson(Json.java:42)org.openqa.selenium.remote.codec.AbstractHttpCommandCodec.encode(AbstractHttpCommandCodec.java:259)org.openqa.selenium.remote.codec.AbstractHttpCommandCodec.encode(AbstractHttpCommandCodec.java:122)org.openqa.selenium.remote.HttpCommandExecutor.execute(HttpCommandExecutor.java:172)org.openqa.selenium.remote.service.DriverCommandExecutor.invokeExecute(DriverCommandExecutor.java:167)org.openqa.selenium.remote.service.DriverCommandExecutor.execute(DriverCommandExecutor.java:142)org.openqa.selenium.remote.RemoteWebDriver.execute(RemoteWebDriver.java:543)org.openqa.selenium.remote.RemoteWebDriver.perform(RemoteWebDriver.java:611)org.openqa.selenium.interactions.Actions$BuiltAction.perform(Actions.java:567)com.pickdropfleet.adminpages.Logoutpage.clickUserInfo(Logoutpage.java:31)com.pickdropfleet.admin.test.Admintest.adminLogout(Admintest.java:425)java.base/jdk.internal.reflect.NativeMethodAccessorImpl.invoke0(Native Method)java.base/jdk.internal.reflect.NativeMethodAccessorImpl.invoke(NativeMethodAccessorImpl.java:78)java.base/jdk.internal.reflect.DelegatingMethodAccessorImpl.invoke(DelegatingMethodAccessorImpl.java:43)java.base/java.lang.reflect.Method.invoke(Method.java:567)org.testng.internal.invokers.MethodInvocationHelper.invokeMethod(MethodInvocationHelper.java:139)org.testng.internal.invokers.TestInvoker.invokeMethod(TestInvoker.java:677)org.testng.internal.invokers.TestInvoker.invokeTestMethod(TestInvoker.java:221)org.testng.internal.invokers.MethodRunner.runInSequence(MethodRunner.java:50)org.testng.internal.invokers.TestInvoker$MethodInvocationAgent.invoke(TestInvoker.java:969)org.testng.internal.invokers.TestInvoker.invokeTestMethods(TestInvoker.java:194)org.testng.internal.invokers.TestMethodWorker.invokeTestMethods(TestMethodWorker.java:148)org.testng.internal.invokers.TestMethodWorker.run(TestMethodWorker.java:128)java.base/java.util.ArrayList.forEach(ArrayList.java:1511)org.testng.TestRunner.privateRun(TestRunner.java:829)org.testng.TestRunner.run(TestRunner.java:602)org.testng.SuiteRunner.runTest(SuiteRunner.java:437)org.testng.SuiteRunner.runSequentially(SuiteRunner.java:431)org.testng.SuiteRunner.privateRun(SuiteRunner.java:391)org.testng.SuiteRunner.run(SuiteRunner.java:330)org.testng.SuiteRunnerWorker.runSuite(SuiteRunnerWorker.java:52)org.testng.SuiteRunnerWorker.run(SuiteRunnerWorker.java:95)org.testng.TestNG.runSuitesSequentially(TestNG.java:1256)org.testng.TestNG.runSuitesLocally(TestNG.java:1176)org.testng.TestNG.runSuites(TestNG.java:1099)org.testng.TestNG.run(TestNG.java:1067)org.testng.remote.AbstractRemoteTestNG.run(AbstractRemoteTestNG.java:115)org.testng.remote.RemoteTestNG.initAndRun(RemoteTestNG.java:251)org.testng.remote.RemoteTestNG.main(RemoteTestNG.java:77)
                                    Caused by: org.openqa.selenium.NoSuchElementException: no such element: Unable to locate element: {"method":"xpath","selector":"//span[@class='anticon anticon-user']//*[name()='svg']"}
  (Session info: chrome=114.0.5735.134)
For documentation on this error, please visit: https://selenium.dev/exceptions/#no_such_element
Build info: version: '4.8.1', revision: '8ebccac989'
System info: os.name: 'Windows 10', os.arch: 'amd64', os.version: '10.0', java.version: '16.0.2'
Driver info: org.openqa.selenium.chrome.ChromeDriver
Command: [ae22db289a1b3aa54ecfd8c2cb556ee6, findElement {using=xpath, value=//span[@class='anticon anticon-user']//*[name()='svg']}]
Capabilities {acceptInsecureCerts: false, browserName: chrome, browserVersion: 114.0.5735.134, chrome: {chromedriverVersion: 114.0.5735.90 (386bc09e8f4f..., userDataDir: C:\Users\DELL\AppData\Local...}, goog:chromeOptions: {debuggerAddress: localhost:49576}, networkConnectionEnabled: false, pageLoadStrategy: normal, platformName: WINDOWS, proxy: Proxy(), se:cdp: ws://localhost:49576/devtoo..., se:cdpVersion: 114.0.5735.134, setWindowRect: true, strictFileInteractability: false, timeouts: {implicit: 0, pageLoad: 300000, script: 30000}, unhandledPromptBehavior: dismiss and notify, webauthn:extension:credBlob: true, webauthn:extension:largeBlob: true, webauthn:extension:minPinLength: true, webauthn:extension:prf: true, webauthn:virtualAuthenticators: true}
Session ID: ae22db289a1b3aa54ecfd8c2cb556ee6
                    java.base/jdk.internal.reflect.NativeConstructorAccessorImpl.newInstance0(Native Method)java.base/jdk.internal.reflect.NativeConstructorAccessorImpl.newInstance(NativeConstructorAccessorImpl.java:78)java.base/jdk.internal.reflect.DelegatingConstructorAccessorImpl.newInstance(DelegatingConstructorAccessorImpl.java:45)java.base/java.lang.reflect.Constructor.newInstanceWithCaller(Constructor.java:499)java.base/java.lang.reflect.Constructor.newInstance(Constructor.java:480)org.openqa.selenium.remote.codec.w3c.W3CHttpResponseCodec.createException(W3CHttpResponseCodec.java:200)org.openqa.selenium.remote.codec.w3c.W3CHttpResponseCodec.decode(W3CHttpResponseCodec.java:133)org.openqa.selenium.remote.codec.w3c.W3CHttpResponseCodec.decode(W3CHttpResponseCodec.java:53)org.openqa.selenium.remote.HttpCommandExecutor.execute(HttpCommandExecutor.java:184)org.openqa.selenium.remote.service.DriverCommandExecutor.invokeExecute(DriverCommandExecutor.java:167)org.openqa.selenium.remote.service.DriverCommandExecutor.execute(DriverCommandExecutor.java:142)org.openqa.selenium.remote.RemoteWebDriver.execute(RemoteWebDriver.java:543)org.openqa.selenium.remote.ElementLocation$ElementFinder$2.findElement(ElementLocation.java:162)org.openqa.selenium.remote.ElementLocation.findElement(ElementLocation.java:60)org.openqa.selenium.remote.RemoteWebDriver.findElement(RemoteWebDriver.java:352)org.openqa.selenium.remote.RemoteWebDriver.findElement(RemoteWebDriver.java:344)org.openqa.selenium.support.pagefactory.DefaultElementLocator.findElement(DefaultElementLocator.java:70)org.openqa.selenium.support.pagefactory.internal.LocatingElementHandler.invoke(LocatingElementHandler.java:39)jdk.proxy2/jdk.proxy2.$Proxy15.getWrappedElement(Unknown Source)org.openqa.selenium.interactions.PointerInput$Origin.asArg(PointerInput.java:269)org.openqa.selenium.interactions.PointerInput$Move.encode(PointerInput.java:218)org.openqa.selenium.interactions.Sequence.encode(Sequence.java:73)org.openqa.selenium.interactions.Sequence.toJson(Sequence.java:82)java.base/jdk.internal.reflect.NativeMethodAccessorImpl.invoke0(Native Method)java.base/jdk.internal.reflect.NativeMethodAccessorImpl.invoke(NativeMethodAccessorImpl.java:78)java.base/jdk.internal.reflect.DelegatingMethodAccessorImpl.invoke(DelegatingMethodAccessorImpl.java:43)java.base/java.lang.reflect.Method.invoke(Method.java:567)org.openqa.selenium.json.JsonOutput.convertUsingMethod(JsonOutput.java:358)org.openqa.selenium.json.JsonOutput.lambda$new$16(JsonOutput.java:154)org.openqa.selenium.json.JsonOutput.write(JsonOutput.java:287)org.openqa.selenium.json.JsonOutput.lambda$new$22(JsonOutput.java:169)java.base/java.util.stream.ForEachOps$ForEachOp$OfRef.accept(ForEachOps.java:183)java.base/java.util.stream.ReferencePipeline$2$1.accept(ReferencePipeline.java:179)java.base/java.util.Iterator.forEachRemaining(Iterator.java:133)java.base/java.util.Spliterators$IteratorSpliterator.forEachRemaining(Spliterators.java:1801)java.base/java.util.stream.AbstractPipeline.copyInto(AbstractPipeline.java:484)java.base/java.util.stream.AbstractPipeline.wrapAndCopyInto(AbstractPipeline.java:474)java.base/java.util.stream.ForEachOps$ForEachOp.evaluateSequential(ForEachOps.java:150)java.base/java.util.stream.ForEachOps$ForEachOp$OfRef.evaluateSequential(ForEachOps.java:173)java.base/java.util.stream.AbstractPipeline.evaluate(AbstractPipeline.java:234)java.base/java.util.stream.ReferencePipeline.forEach(ReferencePipeline.java:596)org.openqa.selenium.json.JsonOutput.lambda$new$23(JsonOutput.java:169)org.openqa.selenium.json.JsonOutput.write(JsonOutput.java:287)org.openqa.selenium.json.JsonOutput.lambda$new$24(JsonOutput.java:182)com.google.common.collect.SingletonImmutableBiMap.forEach(SingletonImmutableBiMap.java:68)org.openqa.selenium.json.JsonOutput.lambda$new$25(JsonOutput.java:177)org.openqa.selenium.json.JsonOutput.write(JsonOutput.java:287)org.openqa.selenium.json.JsonOutput.write(JsonOutput.java:278)org.openqa.selenium.json.Json.toJson(Json.java:42)org.openqa.selenium.remote.codec.AbstractHttpCommandCodec.encode(AbstractHttpCommandCodec.java:259)org.openqa.selenium.remote.codec.AbstractHttpCommandCodec.encode(AbstractHttpCommandCodec.java:122)org.openqa.selenium.remote.HttpCommandExecutor.execute(HttpCommandExecutor.java:172)org.openqa.selenium.remote.service.DriverCommandExecutor.invokeExecute(DriverCommandExecutor.java:167)org.openqa.selenium.remote.service.DriverCommandExecutor.execute(DriverCommandExecutor.java:142)org.openqa.selenium.remote.RemoteWebDriver.execute(RemoteWebDriver.java:543)org.openqa.selenium.remote.RemoteWebDriver.perform(RemoteWebDriver.java:611)org.openqa.selenium.interactions.Actions$BuiltAction.perform(Actions.java:567)com.pickdropfleet.adminpages.Logoutpage.clickUserInfo(Logoutpage.java:31)com.pickdropfleet.admin.test.Admintest.adminLogout(Admintest.java:425)java.base/jdk.internal.reflect.NativeMethodAccessorImpl.invoke0(Native Method)java.base/jdk.internal.reflect.NativeMethodAccessorImpl.invoke(NativeMethodAccessorImpl.java:78)java.base/jdk.internal.reflect.DelegatingMethodAccessorImpl.invoke(DelegatingMethodAccessorImpl.java:43)java.base/java.lang.reflect.Method.invoke(Method.java:567)org.testng.internal.invokers.MethodInvocationHelper.invokeMethod(MethodInvocationHelper.java:139)org.testng.internal.invokers.TestInvoker.invokeMethod(TestInvoker.java:677)org.testng.internal.invokers.TestInvoker.invokeTestMethod(TestInvoker.java:221)org.testng.internal.invokers.MethodRunner.runInSequence(MethodRunner.java:50)org.testng.internal.invokers.TestInvoker$MethodInvocationAgent.invoke(TestInvoker.java:969)org.testng.internal.invokers.TestInvoker.invokeTestMethods(TestInvoker.java:194)org.testng.internal.invokers.TestMethodWorker.invokeTestMethods(TestMethodWorker.java:148)org.testng.internal.invokers.TestMethodWorker.run(TestMethodWorker.java:128)java.base/java.util.ArrayList.forEach(ArrayList.java:1511)org.testng.TestRunner.privateRun(TestRunner.java:829)org.testng.TestRunner.run(TestRunner.java:602)org.testng.SuiteRunner.runTest(SuiteRunner.java:437)org.testng.SuiteRunner.runSequentially(SuiteRunner.java:431)org.testng.SuiteRunner.privateRun(SuiteRunner.java:391)org.testng.SuiteRunner.run(SuiteRunner.java:330)org.testng.SuiteRunnerWorker.runSuite(SuiteRunnerWorker.java:52)org.testng.SuiteRunnerWorker.run(SuiteRunnerWorker.java:95)org.testng.TestNG.runSuitesSequentially(TestNG.java:1256)org.testng.TestNG.runSuitesLocally(TestNG.java:1176)org.testng.TestNG.runSuites(TestNG.java:1099)org.testng.TestNG.run(TestNG.java:1067)org.testng.remote.AbstractRemoteTestNG.run(AbstractRemoteTestNG.java:115)org.testng.remote.RemoteTestNG.initAndRun(RemoteTestNG.java:251)org.testng.remote.RemoteTestNG.main(RemoteTestNG.java:77)
                ]]>
            </failure>
    </testcase>


</testsuite>
