<?xml version="1.0" encoding="UTF-8"?>
<testng-results ignored="1" total="15" passed="14" failed="0" skipped="0">
  <reporter-output>
  </reporter-output>
  <suite started-at="2023-07-14T11:15:52 IST" name="Suite" finished-at="2023-07-14T11:18:59 IST" duration-ms="186992">
    <groups>
    </groups>
    <test started-at="2023-07-14T11:15:52 IST" name="KitchdenAdminTest" finished-at="2023-07-14T11:18:59 IST" duration-ms="186992">
      <class name="com.pickdropfleet.admin.test.Kitchenadmintest">
        <test-method is-config="true" signature="browserLaunch()[pri:0, instance:com.pickdropfleet.admin.test.Kitchenadmintest@2f62ea70]" started-at="2023-07-14T11:15:52 IST" name="browserLaunch" finished-at="2023-07-14T11:15:58 IST" duration-ms="6192" status="PASS">
          <reporter-output>
          </reporter-output>
        </test-method> <!-- browserLaunch -->
        <test-method signature="kitchenAdminLogin()[pri:0, instance:com.pickdropfleet.admin.test.Kitchenadmintest@2f62ea70]" started-at="2023-07-14T11:15:58 IST" name="kitchenAdminLogin" finished-at="2023-07-14T11:16:15 IST" duration-ms="17188" status="PASS">
          <reporter-output>
          </reporter-output>
        </test-method> <!-- kitchenAdminLogin -->
        <test-method signature="addSchoolTest()[pri:1, instance:com.pickdropfleet.admin.test.Kitchenadmintest@2f62ea70]" started-at="2023-07-14T11:16:15 IST" name="addSchoolTest" finished-at="2023-07-14T11:16:31 IST" duration-ms="15621" status="PASS">
          <reporter-output>
          </reporter-output>
        </test-method> <!-- addSchoolTest -->
        <test-method signature="addRiderAtUser()[pri:2, instance:com.pickdropfleet.admin.test.Kitchenadmintest@2f62ea70]" started-at="2023-07-14T11:16:31 IST" name="addRiderAtUser" finished-at="2023-07-14T11:16:45 IST" duration-ms="14145" status="PASS">
          <reporter-output>
          </reporter-output>
        </test-method> <!-- addRiderAtUser -->
        <test-method signature="addSchoolAdminAtUser()[pri:3, instance:com.pickdropfleet.admin.test.Kitchenadmintest@2f62ea70]" started-at="2023-07-14T11:16:45 IST" name="addSchoolAdminAtUser" finished-at="2023-07-14T11:17:07 IST" duration-ms="21768" status="PASS">
          <reporter-output>
          </reporter-output>
        </test-method> <!-- addSchoolAdminAtUser -->
        <test-method signature="addDistributionManagerAtUser()[pri:4, instance:com.pickdropfleet.admin.test.Kitchenadmintest@2f62ea70]" started-at="2023-07-14T11:17:07 IST" name="addDistributionManagerAtUser" finished-at="2023-07-14T11:17:23 IST" duration-ms="16079" status="PASS">
          <reporter-output>
          </reporter-output>
        </test-method> <!-- addDistributionManagerAtUser -->
        <test-method signature="addRouteAdminAtUser()[pri:5, instance:com.pickdropfleet.admin.test.Kitchenadmintest@2f62ea70]" started-at="2023-07-14T11:17:23 IST" name="addRouteAdminAtUser" finished-at="2023-07-14T11:17:39 IST" duration-ms="15588" status="PASS">
          <reporter-output>
          </reporter-output>
        </test-method> <!-- addRouteAdminAtUser -->
        <test-method signature="addSchoolRelationshipManagerAtUser()[pri:6, instance:com.pickdropfleet.admin.test.Kitchenadmintest@2f62ea70]" started-at="2023-07-14T11:17:39 IST" name="addSchoolRelationshipManagerAtUser" finished-at="2023-07-14T11:17:54 IST" duration-ms="15046" status="PASS">
          <reporter-output>
          </reporter-output>
        </test-method> <!-- addSchoolRelationshipManagerAtUser -->
        <test-method signature="addFuelSupervisorAtUser()[pri:7, instance:com.pickdropfleet.admin.test.Kitchenadmintest@2f62ea70]" started-at="2023-07-14T11:17:54 IST" name="addFuelSupervisorAtUser" finished-at="2023-07-14T11:18:09 IST" duration-ms="15546" status="PASS">
          <reporter-output>
          </reporter-output>
        </test-method> <!-- addFuelSupervisorAtUser -->
        <test-method signature="addVehicleTest()[pri:8, instance:com.pickdropfleet.admin.test.Kitchenadmintest@2f62ea70]" started-at="2023-07-14T11:18:09 IST" name="addVehicleTest" finished-at="2023-07-14T11:18:22 IST" duration-ms="13056" status="PASS">
          <reporter-output>
          </reporter-output>
        </test-method> <!-- addVehicleTest -->
        <test-method signature="testFoodMenu()[pri:9, instance:com.pickdropfleet.admin.test.Kitchenadmintest@2f62ea70]" started-at="2023-07-14T11:18:22 IST" name="testFoodMenu" finished-at="2023-07-14T11:18:32 IST" duration-ms="9891" status="PASS">
          <reporter-output>
          </reporter-output>
        </test-method> <!-- testFoodMenu -->
        <test-method signature="testAddRoute()[pri:10, instance:com.pickdropfleet.admin.test.Kitchenadmintest@2f62ea70]" started-at="2023-07-14T11:18:32 IST" name="testAddRoute" finished-at="2023-07-14T11:18:40 IST" duration-ms="7393" status="PASS">
          <reporter-output>
          </reporter-output>
        </test-method> <!-- testAddRoute -->
        <test-method signature="testDailyRequest()[pri:11, instance:com.pickdropfleet.admin.test.Kitchenadmintest@2f62ea70]" started-at="2023-07-14T11:18:40 IST" name="testDailyRequest" finished-at="2023-07-14T11:18:53 IST" duration-ms="13103" status="PASS">
          <reporter-output>
          </reporter-output>
        </test-method> <!-- testDailyRequest -->
        <test-method signature="testAddVehicleExpense()[pri:12, instance:com.pickdropfleet.admin.test.Kitchenadmintest@2f62ea70]" started-at="2023-07-14T11:18:53 IST" name="testAddVehicleExpense" finished-at="2023-07-14T11:18:57 IST" duration-ms="4450" status="PASS">
          <reporter-output>
          </reporter-output>
        </test-method> <!-- testAddVehicleExpense -->
        <test-method signature="kitchenAdminLogout()[pri:13, instance:com.pickdropfleet.admin.test.Kitchenadmintest@2f62ea70]" started-at="2023-07-14T11:18:57 IST" name="kitchenAdminLogout" finished-at="2023-07-14T11:18:59 IST" duration-ms="1544" status="PASS">
          <reporter-output>
          </reporter-output>
        </test-method> <!-- kitchenAdminLogout -->
      </class> <!-- com.pickdropfleet.admin.test.Kitchenadmintest -->
    </test> <!-- KitchdenAdminTest -->
  </suite> <!-- Suite -->
</testng-results>
